<?xml version="1.0" encoding="UTF-8"?>
<!-- Generated by org.testng.reporters.JUnitXMLReporter -->
<testsuite ignored="0" hostname="AKM_Laptop" failures="2" tests="11" name="Test_Using_Parent_Class" time="54.26" errors="0" timestamp="2024-01-19T21:56:48 EST">
  <testcase classname="com.automation.Oct21_Application_Of_OOPs.LoginTest" name="verifyLoginWithValidCredentials" time="1.063"/>
  <testcase classname="com.automation.Oct21_Application_Of_OOPs.LoginTest" name="verifyLoginWithInvalidCrendentials" time="0.614">
    <failure type="java.lang.AssertionError" message="expected [Warning: No match for E-Mail Address and/or Password.] but found [Warning: Your account has exceeded allowed number of login attempts. Please try again in 1 hour.]">
      <![CDATA[java.lang.AssertionError: expected [Warning: No match for E-Mail Address and/or Password.] but found [Warning: Your account has exceeded allowed number of login attempts. Please try again in 1 hour.]
at com.automation.Oct21_Application_Of_OOPs.LoginTest.verifyLoginWithInvalidCrendentials(LoginTest.java:51)
at java.base/java.util.ArrayList.forEach(ArrayList.java:1511)
... Removed 33 stack frames]]>
    </failure>
  </testcase> <!-- verifyLoginWithInvalidCrendentials -->
  <testcase classname="com.automation.Oct21_Application_Of_OOPs.LoginTest" name="verifyLoginWithInvalidEmail" time="0.517">
    <failure type="java.lang.AssertionError" message="expected [Warning: No match for E-Mail Address and/or Password.] but found [Warning: Your account has exceeded allowed number of login attempts. Please try again in 1 hour.]">
      <![CDATA[java.lang.AssertionError: expected [Warning: No match for E-Mail Address and/or Password.] but found [Warning: Your account has exceeded allowed number of login attempts. Please try again in 1 hour.]
at com.automation.Oct21_Application_Of_OOPs.LoginTest.verifyLoginWithInvalidEmail(LoginTest.java:63)
at java.base/java.util.ArrayList.forEach(ArrayList.java:1511)
... Removed 33 stack frames]]>
    </failure>
  </testcase> <!-- verifyLoginWithInvalidEmail -->
  <testcase classname="com.automation.Oct21_Application_Of_OOPs.LoginTest" name="verifyLoginWithInvalidPassword" time="0.641"/>
  <testcase classname="com.automation.Oct21_Application_Of_OOPs.LoginTest" name="verifyLoginWithNoCredentials" time="0.495"/>
  <testcase classname="com.automation.Oct21_Application_Of_OOPs.SearchProductTest" name="verifyValidProduct" time="0.781"/>
  <testcase classname="com.automation.Oct21_Application_Of_OOPs.SearchProductTest" name="verifyInvalidProduct" time="0.431"/>
  <testcase classname="com.automation.Oct21_Application_Of_OOPs.SearchProductTest" name="verifyNoProduct" time="0.4"/>
  <testcase classname="com.automation.Oct21_Application_Of_OOPs.RegisterTest" name="verifyRegisterWithAllFields" time="1.213"/>
  <testcase classname="com.automation.Oct21_Application_Of_OOPs.RegisterTest" name="verifyRegisterWithExistingEmail" time="0.837"/>
  <testcase classname="com.automation.Oct21_Application_Of_OOPs.RegisterTest" name="verifyRegisterWithMandatoryFields" time="1.12"/>
</testsuite> <!-- Test_Using_Parent_Class -->
